1518449072056	geckodriver	INFO	geckodriver 0.18.0
1518449072058	geckodriver	INFO	Listening on 127.0.0.1:46639
1518449073172	geckodriver::marionette	INFO	Starting browser /usr/bin/firefox with args ["-marionette"]
1518449073782	Marionette	INFO	Enabled via --marionette
1518449076427	Marionette	INFO	Listening on port 46725
1518449076584	Marionette	WARN	TLS certificate errors will be ignored for this session
1518449076633	Marionette	DEBUG	Register listener.js for window 2147483649
1518449079654	Marionette	DEBUG	Received DOM event "beforeunload" for "about:blank"
1518449083924	Marionette	DEBUG	Received DOM event "pagehide" for "about:blank"
1518449083925	Marionette	DEBUG	Received DOM event "unload" for "about:blank"
1518449086887	Marionette	DEBUG	Received DOM event "DOMContentLoaded" for "https://www.linkedin.com/uas/login"
1518449087016	Marionette	DEBUG	Received DOM event "pageshow" for "https://www.linkedin.com/uas/login"
1518449094059	Marionette	DEBUG	Received DOM event "beforeunload" for "https://www.linkedin.com/feed/?trk="
1518449096628	Marionette	DEBUG	Received DOM event "pagehide" for "https://www.linkedin.com/feed/?trk="
1518449096639	Marionette	DEBUG	Received DOM event "unload" for "https://www.linkedin.com/feed/?trk="
1518449097024	Marionette	DEBUG	Received observer notification "outer-window-destroyed" for "2147483659"
1518449097024	Marionette	DEBUG	Received observer notification "outer-window-destroyed" for "2147483661"
1518449097361	Marionette	DEBUG	Received DOM event "DOMContentLoaded" for "https://www.linkedin.com/search/results/people/?lastName=candido&firstName=frank"
1518449097613	Marionette	DEBUG	Received DOM event "pageshow" for "https://www.linkedin.com/search/results/people/?lastName=candido&firstName=frank"
[mp3 @ 0x7f1f45950800] overread, skip -7 enddists: -2 -2
[mp3 @ 0x7f1f45955800] overread, skip -7 enddists: -2 -2
1518449105410	Marionette	DEBUG	Canceled page load listener because no navigation has been detected
1518449109580	Marionette	DEBUG	Received DOM event "beforeunload" for "https://www.linkedin.com/messaging/thread/6362236965168906240/"
1518449109840	Marionette	DEBUG	Received DOM event "pagehide" for "https://www.linkedin.com/messaging/thread/6362236965168906240/"
1518449109856	Marionette	DEBUG	Received DOM event "unload" for "https://www.linkedin.com/messaging/thread/6362236965168906240/"
1518449113172	Marionette	DEBUG	Received DOM event "DOMContentLoaded" for "https://www.linkedin.com/in/ACoAAAAgrpoBq_j1nfNRZw6sid-xdkhlm3v5fX0/"
1518449113173	Marionette	DEBUG	Received observer notification "outer-window-destroyed" for "2147483671"
1518449113173	Marionette	DEBUG	Received observer notification "outer-window-destroyed" for "2147483675"
1518449113196	Marionette	DEBUG	Received DOM event "pageshow" for "https://www.linkedin.com/in/ACoAAAAgrpoBq_j1nfNRZw6sid-xdkhlm3v5fX0/"
[mp3 @ 0x7f1f4595c000] overread, skip -7 enddists: -2 -2
[mp3 @ 0x7f1f489d7800] overread, skip -7 enddists: -2 -2
1518449122380	Marionette	DEBUG	Received DOM event "beforeunload" for "https://www.linkedin.com/in/frank-candido-5b6873/"
1518449122643	Marionette	DEBUG	Received DOM event "pagehide" for "https://www.linkedin.com/in/frank-candido-5b6873/"
1518449122653	Marionette	DEBUG	Received DOM event "unload" for "https://www.linkedin.com/in/frank-candido-5b6873/"
1518449123162	Marionette	DEBUG	Received observer notification "outer-window-destroyed" for "2147483679"
1518449123162	Marionette	DEBUG	Received observer notification "outer-window-destroyed" for "2147483691"
1518449123162	Marionette	DEBUG	Received observer notification "outer-window-destroyed" for "2147483693"
1518449123162	Marionette	DEBUG	Received observer notification "outer-window-destroyed" for "2147483695"
1518449123163	Marionette	DEBUG	Received observer notification "outer-window-destroyed" for "2147483697"
1518449123163	Marionette	DEBUG	Received observer notification "outer-window-destroyed" for "2147483699"
1518449123163	Marionette	DEBUG	Received observer notification "outer-window-destroyed" for "2147483689"
1518449123163	Marionette	DEBUG	Received observer notification "outer-window-destroyed" for "2147483687"
1518449123163	Marionette	DEBUG	Received observer notification "outer-window-destroyed" for "2147483685"
1518449123163	Marionette	DEBUG	Received observer notification "outer-window-destroyed" for "2147483681"
1518449123163	Marionette	DEBUG	Received observer notification "outer-window-destroyed" for "2147483683"
1518449123168	Marionette	DEBUG	Received DOM event "DOMContentLoaded" for "https://www.linkedin.com/company/201491/"
1518449123176	Marionette	DEBUG	Received DOM event "pageshow" for "https://www.linkedin.com/company/201491/"
[mp3 @ 0x7f1f4f5f0800] overread, skip -7 enddists: -2 -2
[mp3 @ 0x7f1f37c0c000] overread, skip -7 enddists: -2 -2
1518449129189	Marionette	DEBUG	Received DOM event "beforeunload" for "https://www.linkedin.com/company/201491/"
1518449129560	Marionette	DEBUG	Received DOM event "pagehide" for "https://www.linkedin.com/company/201491/"
1518449129594	Marionette	DEBUG	Received DOM event "unload" for "https://www.linkedin.com/company/201491/"
1518449130552	Marionette	DEBUG	Received DOM event "DOMContentLoaded" for "https://www.linkedin.com/company/128716/"
1518449130553	Marionette	DEBUG	Received observer notification "outer-window-destroyed" for "2147483708"
1518449130554	Marionette	DEBUG	Received observer notification "outer-window-destroyed" for "2147483710"
1518449130554	Marionette	DEBUG	Received observer notification "outer-window-destroyed" for "2147483712"
1518449130576	Marionette	DEBUG	Received DOM event "pageshow" for "https://www.linkedin.com/company/128716/"
[mp3 @ 0x7f1f4f24f800] overread, skip -7 enddists: -2 -2
[mp3 @ 0x7f1f3d4d9800] overread, skip -7 enddists: -2 -2
[Child 8211, Chrome_ChildThread] WARNING: pipe error (46): Connexion ré-initialisée par le correspondant: file /build/firefox-itlqqH/firefox-57.0.4+build1/ipc/chromium/src/chrome/common/ipc_channel_posix.cc, line 353
[Child 8211, Chrome_ChildThread] WARNING: pipe error (20): Connexion ré-initialisée par le correspondant: file /build/firefox-itlqqH/firefox-57.0.4+build1/ipc/chromium/src/chrome/common/ipc_channel_posix.cc, line 353
[Child 8211, Chrome_ChildThread] WARNING: pipe error (3): Connexion ré-initialisée par le correspondant: file /build/firefox-itlqqH/firefox-57.0.4+build1/ipc/chromium/src/chrome/common/ipc_channel_posix.cc, line 353
