https://www.facebook.com/franklin.candido.5?ref=br_rs
https://www.facebook.com/frank.candido.18?ref=br_rs
https://www.facebook.com/francisco.candidofrank.714?ref=br_rs
https://www.facebook.com/frankcandidojr?ref=br_rs
https://www.facebook.com/ucamoficial/?ref=br_rs
https://www.facebook.com/bruna.frank.9?ref=br_rs
https://www.facebook.com/frank.candido.395?ref=br_rs
https://www.facebook.com/frankluiz.candido?ref=br_rs
https://www.facebook.com/franklin.candido.96?ref=br_rs
https://www.facebook.com/frank.candido.5?ref=br_rs
https://www.facebook.com/frank.iacobacci1?ref=br_rs
https://www.facebook.com/marileneconway?ref=br_rs
https://www.facebook.com/candido.franck?ref=br_rs
https://www.facebook.com/frank.candidogullan?ref=br_rs
https://www.facebook.com/frank.candido.564?ref=br_rs
https://www.facebook.com/bonefaciochamguevelaaugosto.candido?ref=br_rs
https://www.facebook.com/franciscocandidovicente.frank?ref=br_rs
https://www.facebook.com/frank.candididias?ref=br_rs
https://www.facebook.com/frank.candido.372?ref=br_rs
https://www.facebook.com/franknikson.candido?ref=br_rs
https://www.facebook.com/wldotrembala.trembala?ref=br_rs
https://www.facebook.com/frankie.candido?ref=br_rs
https://www.facebook.com/candido.franklin?ref=br_rs
https://www.facebook.com/profile.php?id=100023870152747&ref=br_rs
https://www.facebook.com/profile.php?id=100009363377851&ref=br_rs
https://www.facebook.com/frank.candido.35?ref=br_rs
https://www.facebook.com/franc.candido?ref=br_rs
https://www.facebook.com/profile.php?id=100024164780511&ref=br_rs
https://www.facebook.com/candido.frank.1?ref=br_rs
https://www.facebook.com/candido.frank.3?ref=br_rs
https://www.facebook.com/frank.candido.100?ref=br_rs
https://www.facebook.com/frank.junior.54379236?ref=br_rs
https://www.facebook.com/franck.candido?ref=br_rs
https://www.facebook.com/frank.c.candido?ref=br_rs
https://www.facebook.com/francelin.sampayocandido?ref=br_rs
https://www.facebook.com/Alterggames?ref=br_rs
https://www.facebook.com/profile.php?id=100009616282519&ref=br_rs
https://www.facebook.com/frank.andrade.980967?ref=br_rs
https://www.facebook.com/profile.php?id=100008811074008&ref=br_rs
https://www.facebook.com/frank.candido.75?ref=br_rs
https://www.facebook.com/frank.reinaldocandido?ref=br_rs
https://www.facebook.com/frank.candido.37?ref=br_rs
https://www.facebook.com/profile.php?id=100005289242673&ref=br_rs
https://www.facebook.com/frank.candido.313?ref=br_rs
https://www.facebook.com/profile.php?id=100019003428037&ref=br_rs
https://www.facebook.com/antonioribeiro.frankvianna?ref=br_rs
https://www.facebook.com/sergiocandido.jose?ref=br_rs
https://www.facebook.com/franklincandido?ref=br_rs
https://www.facebook.com/profile.php?id=100014668271893&ref=br_rs
https://www.facebook.com/profile.php?id=100007893467623&ref=br_rs
https://www.facebook.com/pages/Col-Est-C%C3%A2ndido-Jos%C3%A9-de-God%C3%B3i/135763206481132?ref=br_rs
https://www.facebook.com/frank.candido.9?ref=br_rs
https://www.facebook.com/franknely.candido?ref=br_rs
https://www.facebook.com/franklin.candido.9?ref=br_rs
https://www.facebook.com/sarita.matias.98?ref=br_rs
https://www.facebook.com/frank.candido.1?ref=br_rs
https://www.facebook.com/frank.candido.167?ref=br_rs
https://www.facebook.com/gaara.dodeserto.7923?ref=br_rs
https://www.facebook.com/candido.frank?ref=br_rs
https://www.facebook.com/candido.frank.7?ref=br_rs
https://www.facebook.com/frank.candido.7524?ref=br_rs
https://www.facebook.com/frank.candido.71?ref=br_rs
https://www.facebook.com/candido.frank.14?ref=br_rs
https://www.facebook.com/profile.php?id=100009097080623&ref=br_rs
https://www.facebook.com/frank.candido.12?ref=br_rs
https://www.facebook.com/frank.candido.925?ref=br_rs
https://www.facebook.com/candido.rivera.520?ref=br_rs
https://www.facebook.com/franklin.candidocosta?ref=br_rs
https://www.facebook.com/pages/EE-Candido-Portinari/998152476864229?ref=br_rs
https://www.facebook.com/franklin.caandido?ref=br_rs
https://www.facebook.com/frank.araujo.9275?ref=br_rs
https://www.facebook.com/frank.candido.56?ref=br_rs
https://www.facebook.com/candido.franco.71?ref=br_rs
https://www.facebook.com/candido.fracisco?ref=br_rs
https://www.facebook.com/frank.candido.585?ref=br_rs
https://www.facebook.com/climacos.candido?ref=br_rs
https://www.facebook.com/dief.mc?ref=br_rs
https://www.facebook.com/frank.candido?ref=br_rs
https://www.facebook.com/franklin.araujo.357622?ref=br_rs
https://www.facebook.com/frank.candido.92?ref=br_rs
https://www.facebook.com/candido.franksimo?ref=br_rs
https://www.facebook.com/franklin.candido.71?ref=br_rs
https://www.facebook.com/frank.candido.7?ref=br_rs
https://www.facebook.com/frank.candido.161?ref=br_rs
https://www.facebook.com/franky.candido?ref=br_rs
https://www.facebook.com/candido.franck.5?ref=br_rs
https://www.facebook.com/candido.franko?ref=br_rs
https://www.facebook.com/profile.php?id=100000921259923&ref=br_rs
https://www.facebook.com/profile.php?id=100006324612216&ref=br_rs
https://www.facebook.com/frank.candido.58?ref=br_rs
https://www.facebook.com/profile.php?id=100012208396792&ref=br_rs
https://www.facebook.com/frank.candido.3?ref=br_rs
https://www.facebook.com/profile.php?id=100008421286564&ref=br_rs
