1518860759508	geckodriver	INFO	geckodriver 0.18.0
1518860759511	geckodriver	INFO	Listening on 127.0.0.1:60191
1518860760627	geckodriver::marionette	INFO	Starting browser /usr/bin/firefox with args ["-marionette"]
1518860761349	Marionette	INFO	Enabled via --marionette
1518860763482	Marionette	INFO	Listening on port 42101
1518860763566	Marionette	WARN	TLS certificate errors will be ignored for this session
[Child 25880, Chrome_ChildThread] WARNING: pipe error (46): Connexion ré-initialisée par le correspondant: file /build/firefox-9j9NY8/firefox-58.0.2+build1/ipc/chromium/src/chrome/common/ipc_channel_posix.cc, line 353
[Child 25880, Chrome_ChildThread] WARNING: pipe error (23): Connexion ré-initialisée par le correspondant: file /build/firefox-9j9NY8/firefox-58.0.2+build1/ipc/chromium/src/chrome/common/ipc_channel_posix.cc, line 353
[Child 25880, Chrome_ChildThread] WARNING: pipe error (35): Connexion ré-initialisée par le correspondant: file /build/firefox-9j9NY8/firefox-58.0.2+build1/ipc/chromium/src/chrome/common/ipc_channel_posix.cc, line 353
[Child 25880, Chrome_ChildThread] WARNING: pipe error (3): Connexion ré-initialisée par le correspondant: file /build/firefox-9j9NY8/firefox-58.0.2+build1/ipc/chromium/src/chrome/common/ipc_channel_posix.cc, line 353
1518860842313	geckodriver	INFO	geckodriver 0.18.0
1518860842316	geckodriver	INFO	Listening on 127.0.0.1:60859
1518860843430	geckodriver::marionette	INFO	Starting browser /usr/bin/firefox with args ["-marionette"]
1518860844108	Marionette	INFO	Enabled via --marionette
1518860846313	Marionette	INFO	Listening on port 37315
1518860846345	Marionette	WARN	TLS certificate errors will be ignored for this session
[Child 26093, Chrome_ChildThread] WARNING: pipe error (23): Connexion ré-initialisée par le correspondant: file /build/firefox-9j9NY8/firefox-58.0.2+build1/ipc/chromium/src/chrome/common/ipc_channel_posix.cc, line 353
[Child 26093, Chrome_ChildThread] WARNING: pipe error (35): Connexion ré-initialisée par le correspondant: file /build/firefox-9j9NY8/firefox-58.0.2+build1/ipc/chromium/src/chrome/common/ipc_channel_posix.cc, line 353
[Child 26093, Chrome_ChildThread] WARNING: pipe error (3): Connexion ré-initialisée par le correspondant: file /build/firefox-9j9NY8/firefox-58.0.2+build1/ipc/chromium/src/chrome/common/ipc_channel_posix.cc, line 353
1518860924060	geckodriver	INFO	geckodriver 0.18.0
1518860924063	geckodriver	INFO	Listening on 127.0.0.1:51605
1518860925154	geckodriver::marionette	INFO	Starting browser /usr/bin/firefox with args ["-marionette"]
1518860925817	Marionette	INFO	Enabled via --marionette
1518860927970	Marionette	INFO	Listening on port 44121
1518860928101	Marionette	WARN	TLS certificate errors will be ignored for this session
1518861121134	geckodriver	INFO	geckodriver 0.18.0
1518861121136	geckodriver	INFO	Listening on 127.0.0.1:51963
1518861122250	geckodriver::marionette	INFO	Starting browser /usr/bin/firefox with args ["-marionette"]
1518861122969	Marionette	INFO	Enabled via --marionette
1518861125131	Marionette	INFO	Listening on port 45999
1518861125164	Marionette	WARN	TLS certificate errors will be ignored for this session
[Child 26510, Chrome_ChildThread] WARNING: pipe error (46): Connexion ré-initialisée par le correspondant: file /build/firefox-9j9NY8/firefox-58.0.2+build1/ipc/chromium/src/chrome/common/ipc_channel_posix.cc, line 353
[Child 26510, Chrome_ChildThread] WARNING: pipe error (23): Connexion ré-initialisée par le correspondant: file /build/firefox-9j9NY8/firefox-58.0.2+build1/ipc/chromium/src/chrome/common/ipc_channel_posix.cc, line 353
[Child 26510, Chrome_ChildThread] WARNING: pipe error (3): Connexion ré-initialisée par le correspondant: file /build/firefox-9j9NY8/firefox-58.0.2+build1/ipc/chromium/src/chrome/common/ipc_channel_posix.cc, line 353
1518861895518	geckodriver	INFO	geckodriver 0.18.0
1518861895521	geckodriver	INFO	Listening on 127.0.0.1:40619
1518861896647	geckodriver::marionette	INFO	Starting browser /usr/bin/firefox with args ["-marionette"]
1518861897583	Marionette	INFO	Enabled via --marionette
1518861899784	Marionette	INFO	Listening on port 41957
1518861899864	Marionette	WARN	TLS certificate errors will be ignored for this session
ATTENTION: default value of option force_s3tc_enable overridden by environment.
[Child 27011, Chrome_ChildThread] WARNING: pipe error (23): Connexion ré-initialisée par le correspondant: file /build/firefox-9j9NY8/firefox-58.0.2+build1/ipc/chromium/src/chrome/common/ipc_channel_posix.cc, line 353
[GFX1-]: Receive IPC close with reason=AbnormalShutdown
[Child 27011, Chrome_ChildThread] WARNING: pipe error (3): Connexion ré-initialisée par le correspondant: file /build/firefox-9j9NY8/firefox-58.0.2+build1/ipc/chromium/src/chrome/common/ipc_channel_posix.cc, line 353
1518863308973	geckodriver	INFO	geckodriver 0.18.0
1518863308976	geckodriver	INFO	Listening on 127.0.0.1:52261
1518863310089	geckodriver::marionette	INFO	Starting browser /usr/bin/firefox with args ["-marionette"]
1518863310730	Marionette	INFO	Enabled via --marionette
1518863312897	Marionette	INFO	Listening on port 41633
1518863312902	Marionette	WARN	TLS certificate errors will be ignored for this session
[Child 27792, Chrome_ChildThread] WARNING: pipe error (46): Connexion ré-initialisée par le correspondant: file /build/firefox-9j9NY8/firefox-58.0.2+build1/ipc/chromium/src/chrome/common/ipc_channel_posix.cc, line 353
[Child 27792, Chrome_ChildThread] WARNING: pipe error (3): Connexion ré-initialisée par le correspondant: file /build/firefox-9j9NY8/firefox-58.0.2+build1/ipc/chromium/src/chrome/common/ipc_channel_posix.cc, line 353
1518864445027	geckodriver	INFO	geckodriver 0.18.0
1518864445029	geckodriver	INFO	Listening on 127.0.0.1:41241
1518864446146	geckodriver::marionette	INFO	Starting browser /usr/bin/firefox with args ["-marionette"]
1518864446814	Marionette	INFO	Enabled via --marionette
1518864448932	Marionette	INFO	Listening on port 39343
1518864448965	Marionette	WARN	TLS certificate errors will be ignored for this session
IPDL protocol error: Handler returned error code!

###!!! [Parent][DispatchAsyncMessage] Error: PLayerTransaction::Msg_ReleaseLayer Processing error: message was deserialized, but the handler returned false (indicating failure)

IPDL protocol error: Handler returned error code!

###!!! [Parent][DispatchAsyncMessage] Error: PLayerTransaction::Msg_ReleaseLayer Processing error: message was deserialized, but the handler returned false (indicating failure)

*** UTM:SVC TimerManager:registerTimer called after profile-before-change notification. Ignoring timer registration for id: telemetry_modules_ping
1518865287941	geckodriver	INFO	geckodriver 0.18.0
1518865287944	geckodriver	INFO	Listening on 127.0.0.1:55655
1518865289058	geckodriver::marionette	INFO	Starting browser /usr/bin/firefox with args ["-marionette"]
1518865289762	Marionette	INFO	Enabled via --marionette
1518865291925	Marionette	INFO	Listening on port 38287
1518865292019	Marionette	WARN	TLS certificate errors will be ignored for this session
JavaScript error: https://static-exp2.licdn.com/sc/h/br/66wpljrlyw38q7xsr36m1gi28, line 5959: TypeError: cyclic object value

###!!! [Child][RunMessage] Error: Channel closing: too late to send/recv, messages will be lost


###!!! [Child][RunMessage] Error: Channel closing: too late to send/recv, messages will be lost


###!!! [Child][RunMessage] Error: Channel closing: too late to send/recv, messages will be lost


###!!! [Child][RunMessage] Error: Channel closing: too late to send/recv, messages will be lost


###!!! [Child][RunMessage] Error: Channel closing: too late to send/recv, messages will be lost


###!!! [Child][RunMessage] Error: Channel closing: too late to send/recv, messages will be lost


###!!! [Child][RunMessage] Error: Channel closing: too late to send/recv, messages will be lost


###!!! [Child][RunMessage] Error: Channel closing: too late to send/recv, messages will be lost


###!!! [Child][RunMessage] Error: Channel closing: too late to send/recv, messages will be lost


###!!! [Child][RunMessage] Error: Channel closing: too late to send/recv, messages will be lost


###!!! [Child][RunMessage] Error: Channel closing: too late to send/recv, messages will be lost


###!!! [Child][RunMessage] Error: Channel closing: too late to send/recv, messages will be lost


###!!! [Child][RunMessage] Error: Channel closing: too late to send/recv, messages will be lost


###!!! [Child][RunMessage] Error: Channel closing: too late to send/recv, messages will be lost


###!!! [Child][RunMessage] Error: Channel closing: too late to send/recv, messages will be lost


###!!! [Child][RunMessage] Error: Channel closing: too late to send/recv, messages will be lost


###!!! [Child][RunMessage] Error: Channel closing: too late to send/recv, messages will be lost


###!!! [Child][RunMessage] Error: Channel closing: too late to send/recv, messages will be lost


###!!! [Child][RunMessage] Error: Channel closing: too late to send/recv, messages will be lost

JavaScript error: https://auth.univ-orleans.fr/cas/js/cas.js;jsessionid=FCE45365451DDF9491D56E3426B91668, line 41: ReferenceError: $ is not defined
JavaScript error: http://celene.univ-orleans.fr/lib/javascript.php/1503570867/course/format/universite/javascript/sectionaccordeon.js, line 1: ReferenceError: $ is not defined

###!!! [Child][RunMessage] Error: Channel closing: too late to send/recv, messages will be lost


###!!! [Child][RunMessage] Error: Channel closing: too late to send/recv, messages will be lost

[Parent 26225, Gecko_IOThread] WARNING: pipe error (85): Connexion ré-initialisée par le correspondant: file /build/firefox-9j9NY8/firefox-58.0.2+build1/ipc/chromium/src/chrome/common/ipc_channel_posix.cc, line 353
1519933631432	geckodriver	INFO	geckodriver 0.18.0
1519933631474	geckodriver	INFO	Listening on 127.0.0.1:39111
1519933632691	geckodriver::marionette	INFO	Starting browser /usr/bin/firefox with args ["-marionette"]
1519933634860	Marionette	INFO	Enabled via --marionette
1519933638938	Marionette	INFO	Listening on port 36163
1519933639081	Marionette	WARN	TLS certificate errors will be ignored for this session
1519933754563	geckodriver	INFO	geckodriver 0.18.0
1519933754567	geckodriver	INFO	Listening on 127.0.0.1:43303
1519933755651	geckodriver::marionette	INFO	Starting browser /usr/bin/firefox with args ["-marionette"]
1519933756529	Marionette	INFO	Enabled via --marionette
1519933759214	Marionette	INFO	Listening on port 45925
1519933759445	Marionette	WARN	TLS certificate errors will be ignored for this session
1519933782204	geckodriver	INFO	geckodriver 0.18.0
1519933782208	geckodriver	INFO	Listening on 127.0.0.1:38009
1519933782371	geckodriver::marionette	INFO	Starting browser /usr/bin/firefox with args ["-marionette"]
1519933783955	Marionette	INFO	Enabled via --marionette
1519933786801	Marionette	INFO	Listening on port 33671
1519933787048	Marionette	WARN	TLS certificate errors will be ignored for this session
1519933856406	geckodriver	INFO	geckodriver 0.18.0
1519933856410	geckodriver	INFO	Listening on 127.0.0.1:58405
1519933856567	geckodriver::marionette	INFO	Starting browser /usr/bin/firefox with args ["-marionette"]
1519933858145	Marionette	INFO	Enabled via --marionette
1519933860745	Marionette	INFO	Listening on port 43629
1519933860785	Marionette	WARN	TLS certificate errors will be ignored for this session
1519933892700	geckodriver	INFO	geckodriver 0.18.0
1519933892702	geckodriver	INFO	Listening on 127.0.0.1:49411
1519933892862	geckodriver::marionette	INFO	Starting browser /usr/bin/firefox with args ["-marionette"]
1519933894041	Marionette	INFO	Enabled via --marionette
1519933896340	Marionette	INFO	Listening on port 42533
1519933896387	Marionette	WARN	TLS certificate errors will be ignored for this session
1519934030109	geckodriver	INFO	geckodriver 0.18.0
1519934030111	geckodriver	INFO	Listening on 127.0.0.1:60625
1519934031224	geckodriver::marionette	INFO	Starting browser /usr/bin/firefox with args ["-marionette"]
1519934031880	Marionette	INFO	Enabled via --marionette
1519934034082	Marionette	INFO	Listening on port 45969
1519934034145	Marionette	WARN	TLS certificate errors will be ignored for this session
1519934145424	geckodriver	INFO	geckodriver 0.18.0
1519934145427	geckodriver	INFO	Listening on 127.0.0.1:40789
1519934146544	geckodriver::marionette	INFO	Starting browser /usr/bin/firefox with args ["-marionette"]
1519934147254	Marionette	INFO	Enabled via --marionette
1519934149467	Marionette	INFO	Listening on port 38805
1519934149568	Marionette	WARN	TLS certificate errors will be ignored for this session
Marionette threw an error: TypeError: this.curBrowser.contentBrowser is null
GeckoDriver.prototype.get@chrome://marionette/content/driver.js:1127:3

JavaScript error: https://www.laposte.fr/particulier, line 1: ReferenceError: tc_events_1 is not defined
JavaScript error: https://ads.adverline.com/bannieres/laposte/AutoPromos/2016-09-23/300x250/index.html?clickTAG=https://adnext.fr/click.adv?idl=236646280.3604452081&url=, line 63: ReferenceError: Enabler is not defined
JavaScript warning: https://webmail.laposte.net/js/Startup1_2_all.js.zgz?v=131203105520, line 1: unreachable code after return statement
JavaScript warning: https://webmail.laposte.net/js/Startup1_2_all.js.zgz?v=131203105520, line 1: unreachable code after return statement
JavaScript warning: https://webmail.laposte.net/mail, line 1: unreachable code after return statement
JavaScript warning: https://webmail.laposte.net/js/Startup1_2_all.js.zgz?v=131203105520, line 1: unreachable code after return statement
JavaScript warning: https://webmail.laposte.net/mail, line 1: unreachable code after return statement
JavaScript warning: https://ads.adverline.com/richmedias/native.js, line 1: Using //@ to indicate sourceMappingURL pragmas is deprecated. Use //# instead
JavaScript warning: https://ads.adverline.com/richmedias/native.js, line 1: Using //@ to indicate sourceMappingURL pragmas is deprecated. Use //# instead
JavaScript error: resource://gre/modules/SelectContentHelper.jsm, line 89: TypeError: this.element is null
JavaScript warning: https://webmail.laposte.net/js/Startup1_2_all.js.zgz?v=131203105520, line 1: unreachable code after return statement
JavaScript warning: https://webmail.laposte.net/js/Startup1_2_all.js.zgz?v=131203105520, line 1: unreachable code after return statement
JavaScript warning: https://webmail.laposte.net/mail, line 1: unreachable code after return statement
JavaScript warning: https://webmail.laposte.net/js/Startup1_2_all.js.zgz?v=131203105520, line 1: unreachable code after return statement
JavaScript warning: https://webmail.laposte.net/mail, line 1: unreachable code after return statement
JavaScript warning: https://ads.adverline.com/richmedias/native.js, line 1: Using //@ to indicate sourceMappingURL pragmas is deprecated. Use //# instead
JavaScript warning: https://ads.adverline.com/richmedias/native.js, line 1: Using //@ to indicate sourceMappingURL pragmas is deprecated. Use //# instead
JavaScript warning: https://webmail.laposte.net/js/Startup1_2_all.js.zgz?v=131203105520, line 1: unreachable code after return statement
JavaScript warning: https://webmail.laposte.net/js/Startup1_2_all.js.zgz?v=131203105520, line 1: unreachable code after return statement
JavaScript warning: https://webmail.laposte.net/mail, line 1: unreachable code after return statement
JavaScript warning: https://webmail.laposte.net/js/Startup1_2_all.js.zgz?v=131203105520, line 1: unreachable code after return statement
JavaScript warning: https://webmail.laposte.net/mail, line 1: unreachable code after return statement
JavaScript error: resource://gre/modules/SelectContentHelper.jsm, line 89: TypeError: this.element is null
JavaScript error: https://platform.twitter.com/widgets/widget_iframe.36c0c29c73929bf937f4c70adb1a29e4.html?origin=https%3A%2F%2Fwww.laposte.net, line 12: Error: Network error.
ATTENTION: default value of option force_s3tc_enable overridden by environment.
JavaScript warning: https://static.xx.fbcdn.net/rsrc.php/v3ibvt4/ye/l/fr_FR/ZCArdSjjxbX.js, line 1097: unreachable code after return statement
JavaScript warning: https://webmail.laposte.net/js/Startup1_2_all.js.zgz?v=131203105520, line 1: unreachable code after return statement
JavaScript warning: https://webmail.laposte.net/js/Startup1_2_all.js.zgz?v=131203105520, line 1: unreachable code after return statement
JavaScript warning: https://webmail.laposte.net/mail, line 1: unreachable code after return statement
JavaScript warning: https://webmail.laposte.net/js/Startup1_2_all.js.zgz?v=131203105520, line 1: unreachable code after return statement
JavaScript warning: https://webmail.laposte.net/mail, line 1: unreachable code after return statement
JavaScript warning: https://webmail.laposte.net/mail line 1085 > eval, line 1: unreachable code after return statement
[Parent 13804, Gecko_IOThread] WARNING: pipe error: Relais brisé (pipe): file /build/firefox-9j9NY8/firefox-58.0.2+build1/ipc/chromium/src/chrome/common/ipc_channel_posix.cc, line 709
[Parent 13804, Gecko_IOThread] WARNING: pipe error: Relais brisé (pipe): file /build/firefox-9j9NY8/firefox-58.0.2+build1/ipc/chromium/src/chrome/common/ipc_channel_posix.cc, line 709
[Parent 13804, Gecko_IOThread] WARNING: pipe error: Relais brisé (pipe): file /build/firefox-9j9NY8/firefox-58.0.2+build1/ipc/chromium/src/chrome/common/ipc_channel_posix.cc, line 709

###!!! [Parent][MessageChannel] Error: (msgtype=0x100037,name=PBackground::Msg_DispatchLocalStorageChange) Channel closing: too late to send/recv, messages will be lost


###!!! [Parent][MessageChannel] Error: (msgtype=0x100037,name=PBackground::Msg_DispatchLocalStorageChange) Channel closing: too late to send/recv, messages will be lost


###!!! [Parent][MessageChannel] Error: (msgtype=0x100037,name=PBackground::Msg_DispatchLocalStorageChange) Channel closing: too late to send/recv, messages will be lost

JavaScript warning: https://webmail.laposte.net/mail, line 1: unreachable code after return statement
JavaScript warning: https://webmail.laposte.net/js/Startup1_2_all.js.zgz?v=131203105520, line 1: unreachable code after return statement
JavaScript warning: https://webmail.laposte.net/mail, line 1: unreachable code after return statement
JavaScript warning: https://webmail.laposte.net/mail line 1085 > eval, line 1: unreachable code after return statement
JavaScript error: https://adnext.fr/richmedia.adv?id=102482&plc=3&w=300&h=250&s=fixed&section=courrier,s&pd_x=1bOTAwMDA=&noexpand&idb=-540896&idc=-160078&uid=0DF3295FE82B69CB168DB394C09DB7F8&ts=2403286308&idc=-160093&idb=-540913, line 170: TypeError: window.amznads is undefined
JavaScript warning: https://webmail.laposte.net/mail, line 1: unreachable code after return statement
JavaScript warning: https://webmail.laposte.net/js/Startup1_2_all.js.zgz?v=131203105520, line 1: unreachable code after return statement
JavaScript warning: https://webmail.laposte.net/mail, line 1: unreachable code after return statement
JavaScript warning: https://webmail.laposte.net/mail line 1085 > eval, line 1: unreachable code after return statement
JavaScript warning: https://webmail.laposte.net/mail, line 1: unreachable code after return statement
JavaScript warning: https://webmail.laposte.net/js/Startup1_2_all.js.zgz?v=131203105520, line 1: unreachable code after return statement
JavaScript warning: https://webmail.laposte.net/mail, line 1: unreachable code after return statement
JavaScript warning: https://webmail.laposte.net/mail line 1085 > eval, line 1: unreachable code after return statement
JavaScript warning: https://webmail.laposte.net/mail, line 1: unreachable code after return statement
JavaScript warning: https://webmail.laposte.net/js/Startup1_2_all.js.zgz?v=131203105520, line 1: unreachable code after return statement
JavaScript warning: https://webmail.laposte.net/mail, line 1: unreachable code after return statement
JavaScript warning: https://webmail.laposte.net/mail line 1085 > eval, line 1: unreachable code after return statement
JavaScript error: https://ads.adverline.com/richmedias/tools/adnext_iframe.js?v2.1, line 7: TypeError: el.contentWindow is null
JavaScript warning: https://webmail.laposte.net/mail, line 1: unreachable code after return statement
JavaScript warning: https://webmail.laposte.net/js/Startup1_2_all.js.zgz?v=131203105520, line 1: unreachable code after return statement
JavaScript warning: https://webmail.laposte.net/mail, line 1: unreachable code after return statement
JavaScript warning: https://webmail.laposte.net/mail line 1085 > eval, line 1: unreachable code after return statement
JavaScript warning: https://webmail.laposte.net/mail, line 1: unreachable code after return statement
JavaScript warning: https://webmail.laposte.net/js/Startup1_2_all.js.zgz?v=131203105520, line 1: unreachable code after return statement
JavaScript warning: https://webmail.laposte.net/mail, line 1: unreachable code after return statement
JavaScript warning: https://webmail.laposte.net/mail line 1085 > eval, line 1: unreachable code after return statement
JavaScript warning: https://webmail.laposte.net/js/Startup1_2_all.js.zgz?v=131203105520, line 1: unreachable code after return statement
JavaScript warning: https://webmail.laposte.net/js/Startup1_2_all.js.zgz?v=131203105520, line 1: unreachable code after return statement
JavaScript warning: https://webmail.laposte.net/mail, line 1: unreachable code after return statement
JavaScript warning: https://webmail.laposte.net/js/Startup1_2_all.js.zgz?v=131203105520, line 1: unreachable code after return statement
JavaScript warning: https://webmail.laposte.net/mail, line 1: unreachable code after return statement
JavaScript warning: https://ads.adverline.com/richmedias/native.js, line 1: Using //@ to indicate sourceMappingURL pragmas is deprecated. Use //# instead
JavaScript error: https://ad.laposte.net/adnative.jsp?pd_x=1eOTIyMDA=&v=1519938319559, line 3: TypeError: ADVERLINE.setIframeSize is not a function
JavaScript warning: https://static.licdn.com/scds/concat/common/js?h=25kaepc6rgo1820ap1rglmzr4-2t5vzdsqqh8rke20hh46pvci0-cl5mre9823ndhfdrl4nozaofi-6isi7fr80gagap7736arbauct-8ohb0iio22nbqe1w8et54sawe-13kfns70b5ghzzqxzr194d2jo-cr2cf88zdeizqhuobqtot8sge, line 35: Using //@ to indicate sourceURL pragmas is deprecated. Use //# instead
JavaScript warning: https://static.licdn.com/scds/concat/common/js?h=25kaepc6rgo1820ap1rglmzr4-2t5vzdsqqh8rke20hh46pvci0-cl5mre9823ndhfdrl4nozaofi-6isi7fr80gagap7736arbauct-8ohb0iio22nbqe1w8et54sawe-13kfns70b5ghzzqxzr194d2jo-cr2cf88zdeizqhuobqtot8sge, line 33: Using //@ to indicate sourceURL pragmas is deprecated. Use //# instead
JavaScript warning: https://static.licdn.com/scds/concat/common/js?h=25kaepc6rgo1820ap1rglmzr4-2t5vzdsqqh8rke20hh46pvci0-cl5mre9823ndhfdrl4nozaofi-6isi7fr80gagap7736arbauct-8ohb0iio22nbqe1w8et54sawe-13kfns70b5ghzzqxzr194d2jo-cr2cf88zdeizqhuobqtot8sge, line 54: Using //@ to indicate sourceURL pragmas is deprecated. Use //# instead
JavaScript warning: https://static.licdn.com/scds/concat/common/js?h=25kaepc6rgo1820ap1rglmzr4-2t5vzdsqqh8rke20hh46pvci0-cl5mre9823ndhfdrl4nozaofi-6isi7fr80gagap7736arbauct-8ohb0iio22nbqe1w8et54sawe-13kfns70b5ghzzqxzr194d2jo-cr2cf88zdeizqhuobqtot8sge, line 30: Using //@ to indicate sourceURL pragmas is deprecated. Use //# instead
JavaScript warning: https://static.licdn.com/scds/concat/common/js?h=25kaepc6rgo1820ap1rglmzr4-2t5vzdsqqh8rke20hh46pvci0-cl5mre9823ndhfdrl4nozaofi-6isi7fr80gagap7736arbauct-8ohb0iio22nbqe1w8et54sawe-13kfns70b5ghzzqxzr194d2jo-cr2cf88zdeizqhuobqtot8sge, line 27: Using //@ to indicate sourceURL pragmas is deprecated. Use //# instead
JavaScript warning: https://static.licdn.com/scds/concat/common/js?h=25kaepc6rgo1820ap1rglmzr4-2t5vzdsqqh8rke20hh46pvci0-cl5mre9823ndhfdrl4nozaofi-6isi7fr80gagap7736arbauct-8ohb0iio22nbqe1w8et54sawe-13kfns70b5ghzzqxzr194d2jo-cr2cf88zdeizqhuobqtot8sge, line 28: Using //@ to indicate sourceURL pragmas is deprecated. Use //# instead
JavaScript warning: https://static.licdn.com/scds/concat/common/js?h=25kaepc6rgo1820ap1rglmzr4-2t5vzdsqqh8rke20hh46pvci0-cl5mre9823ndhfdrl4nozaofi-6isi7fr80gagap7736arbauct-8ohb0iio22nbqe1w8et54sawe-13kfns70b5ghzzqxzr194d2jo-cr2cf88zdeizqhuobqtot8sge, line 27: Using //@ to indicate sourceURL pragmas is deprecated. Use //# instead
JavaScript warning: https://static.licdn.com/scds/concat/common/js?h=25kaepc6rgo1820ap1rglmzr4-2t5vzdsqqh8rke20hh46pvci0-cl5mre9823ndhfdrl4nozaofi-6isi7fr80gagap7736arbauct-8ohb0iio22nbqe1w8et54sawe-13kfns70b5ghzzqxzr194d2jo-cr2cf88zdeizqhuobqtot8sge, line 28: Using //@ to indicate sourceURL pragmas is deprecated. Use //# instead
JavaScript warning: https://static.licdn.com/scds/concat/common/js?h=25kaepc6rgo1820ap1rglmzr4-2t5vzdsqqh8rke20hh46pvci0-cl5mre9823ndhfdrl4nozaofi-6isi7fr80gagap7736arbauct-8ohb0iio22nbqe1w8et54sawe-13kfns70b5ghzzqxzr194d2jo-cr2cf88zdeizqhuobqtot8sge, line 28: Using //@ to indicate sourceURL pragmas is deprecated. Use //# instead
JavaScript warning: https://static.licdn.com/scds/concat/common/js?h=25kaepc6rgo1820ap1rglmzr4-2t5vzdsqqh8rke20hh46pvci0-cl5mre9823ndhfdrl4nozaofi-6isi7fr80gagap7736arbauct-8ohb0iio22nbqe1w8et54sawe-13kfns70b5ghzzqxzr194d2jo-cr2cf88zdeizqhuobqtot8sge, line 43: Using //@ to indicate sourceURL pragmas is deprecated. Use //# instead

###!!! [Child][RunMessage] Error: Channel closing: too late to send/recv, messages will be lost

[Parent 13804, Gecko_IOThread] WARNING: pipe error (83): Connexion ré-initialisée par le correspondant: file /build/firefox-9j9NY8/firefox-58.0.2+build1/ipc/chromium/src/chrome/common/ipc_channel_posix.cc, line 353
