

 


 

 Sylvain courtin
  
 


 
      En fin d'études - à la recherche d'un stage
    

      Région de Paris, France
    
 

 
      Se connecter
    





 Sylvain courtin
  
 



  
 


 

 


 

 Sylvain Courtin
  
 


 
      Responsable encres chez Siegwerk
    

      Région de La Rochelle, France
    
 

 
      Se connecter
    






 



Sylvain Courtin
  
 


 
      Se connecter
    




 


 

 sylvain courtin
  
 


 
      Magnétiseur.Energétitien
    

      Région de Lille, France
    
 

 
      Se connecter
    





 sylvain courtin
  
 



  
 


 

 


 

 SYLVAIN COURTIN
  
 


 
      Magnétiseur  Energétitien
    

      Région de Lille, France
    
 

 
      Se connecter
    






 



SYLVAIN COURTIN
  
 


 
      Se connecter
    




 


 

 Sylvain COURTIN
  
 


 
      Masseur-kinésitéhrapeute chez Libéral
    

      Région de Tours, France
    
 

 
      Se connecter
    





 Sylvain COURTIN
  
 



  
 


 

 


 

 Sylvain Courtin
  
 


 
      En poste dans secteur Arts et artisanat
    

      Région de Lille, France
    
 

 
      Se connecter
    






 



Sylvain Courtin
  
 


 
      Se connecter
    




 


 

 Sylvain Courtin
  
 


 
      Étudiant(e) (Université d'Orléans)
    

      Région d'Orléans, France
    
 

 
      Se connecter
    





 Sylvain Courtin
  
 



  
 


 

 


 

 Sylvain Courtin
  
 


 
      Chauffeur livreur chez Ajv express
    

      Région de Tours, France
    
 

 
      Se connecter
    






 



Sylvain Courtin
  
 


 
      Se connecter
    


