Données:



    Expérience
  



 



ceo

Nom de l’entreprise



Dates d’emploi
mars 1999 – Aujourd’hui


Durée d’emploi
18 ans 11 mois






    Chairman and CEO
  



 



Senior Vice President

Nom de l’entreprise



Dates d’emploi
mai 1986 – juin 1999


Durée d’emploi
13 ans 2 mois






 



Intern, Macintosh 68000 Development System

Nom de l’entreprise



Dates d’emploi
mai 1984 – août 1984


Durée d’emploi
4 mois






    Wrote the example assemby language programs for the Macintosh 68000 Development System during summer of 1984.
  




--------------------------------------------------
